2025-04-23 15:28:55,692 - INFO - Logger inicializado correctamente. Escribiendo en: /tmp/WatchersProject/Logs/app.log
2025-04-23 15:28:55,995 - INFO - Logger inicializado correctamente. Escribiendo en: /tmp/WatchersProject/Logs/app.log
2025-04-23 15:29:22,923 - INFO - [GEN] Generando watcher: unique_terms_missing | webhook: False | elastic: True
2025-04-23 15:29:24,117 - INFO - [GEN] Generando watcher: unique_terms_missing | webhook: False | elastic: True
2025-04-23 15:29:24,117 - INFO - Watcher generado en generated/unique_terms_missing.py
2025-04-23 15:29:24,118 - INFO - Watcher confirmado por web: generated/unique_terms_missing.py
2025-04-23 15:29:44,950 - INFO - Logger inicializado correctamente. Escribiendo en: /tmp/WatchersProject/Logs/app.log
2025-04-23 15:29:44,950 - INFO - === Orquestador iniciado ===
2025-04-23 15:29:45,239 - INFO - [RUNNING] avg_threshold
2025-04-23 15:29:45,240 - INFO - [STARTED] avg_threshold.py cada 200000s
2025-04-23 15:29:45,258 - INFO - [RUNNING] count_threshold
2025-04-23 15:29:45,259 - INFO - [STARTED] count_threshold.py cada 200000s
2025-04-23 15:29:45,277 - INFO - [RUNNING] field_value_missing
2025-04-23 15:29:45,277 - INFO - [STARTED] field_value_missing.py cada 3000000s
2025-04-23 15:29:45,300 - INFO - [RUNNING] min_threshold
2025-04-23 15:29:45,301 - INFO - [STARTED] min_threshold.py cada 300000s
2025-04-23 15:29:45,332 - INFO - ALERTA: Promedio de 'latency' =  supera 50
2025-04-23 15:29:45,333 - INFO - [RUNNING] missing_data
2025-04-23 15:29:45,334 - INFO - [STARTED] missing_data.py cada 300s
2025-04-23 15:29:45,336 - INFO - ALERTA: Número de documentos =  > 1
2025-04-23 15:29:45,351 - INFO - [RUNNING] multi_field_values
2025-04-23 15:29:45,366 - INFO - ALERTA: No se ha encontrado '405' en el campo 'status_code'.
2025-04-23 15:29:45,368 - INFO - [STARTED] multi_field_values.py cada 30000000s
2025-04-23 15:29:45,382 - INFO - [RUNNING] ratio_between_fields
2025-04-23 15:29:45,390 - INFO - [STARTED] ratio_between_fields.py cada 3000000s
2025-04-23 15:29:45,416 - INFO - ALERTA: MIN(temperature) =  < 5
2025-04-23 15:29:45,418 - INFO - [RUNNING] sum_threshold
2025-04-23 15:29:45,428 - INFO - [STARTED] sum_threshold.py cada 3000000s
2025-04-23 15:29:45,430 - INFO - ALERTA: No hay datos en la última hora.
2025-04-23 15:29:45,444 - INFO - [RUNNING] unique_terms_missing
2025-04-23 15:29:45,447 - INFO - [STARTED] unique_terms_missing.py cada 300000s
2025-04-23 15:29:45,456 - INFO - ALERTA: Detectadas 2 ocurrencias de condiciones definidas.
2025-04-23 15:29:45,457 - INFO - ALERTA: Ratio 20.0/50.0 = 0.4 > 0.1
2025-04-23 15:29:45,487 - INFO - ALERTA: SUM(duration) =  > 999
2025-04-23 15:29:45,489 - INFO - ALERTA: No se han detectado los términos esperados: ['servicioA', 'servicioB', 'servicioC']
2025-04-23 15:29:45,789 - INFO - Alerta enviada a Elasticsearch: índice watcher-alerts
2025-04-23 15:29:45,801 - INFO - Alerta enviada a Elasticsearch: índice watcher-alerts
2025-04-23 15:29:45,803 - INFO - Alerta enviada a Elasticsearch: índice watcher-alerts
2025-04-23 15:29:45,803 - INFO - Alerta enviada a Elasticsearch: índice watcher-alerts
2025-04-23 15:29:45,804 - INFO - Alerta enviada a Elasticsearch: índice watcher-alerts
2025-04-23 15:29:45,804 - INFO - Alerta enviada a Elasticsearch: índice watcher-alerts
2025-04-23 15:29:45,805 - INFO - Alerta enviada a Elasticsearch: índice watcher-alerts
2025-04-23 15:29:45,805 - INFO - Alerta enviada a Elasticsearch: índice watcher-alerts
2025-04-23 15:29:45,806 - INFO - Alerta enviada a Elasticsearch: índice watcher-alerts
